lcCFGE9fRnBu/MM+rLPygVzid3v32eYcazq096dnGFDBg1Xl7aBhiHlvdtqxSkJ+sdrZnGx7sK7T7ipJ5VS3BzzkO+s2vxlWrWqb3VNWe2MiR0gJa7MO
R980K1zgzLoXLMTrqKh1iATwdFqI439ROyx+D/BNvj01CshMVxR4SPLk0JSTkGSG1zzhemL6JezRF+0JAy1TLMSvjMY2XNI6ERlMADXd2ig6z3CNt5k29/2K9YQ1ERJaf/GNnMBT4V3h4O3wDT/i8ozqnpZFKg2EoPv8toeeXiG59IsvqDTPE7V/Fe4ZOo+1LzYny5Z3nJGns8I=
sHT+WZUusSNAbjkzlcVSWiPsKZAV6sFUv4EoKqyNtQ5sU0rY04WOAWpj7ZVlIOk4gc8eAmkKeo6ZusGMZHu4vssOAjndlO9X1ERDW7E/kaYVCjMNCxaDU0pnUBljswY=
FjH0i3yhxhnSYx0r+ih5fmLNw/tPWLqwwF92CWuKiv1VyjIoMoTxGFyNhJJo/WO99dc4sYqNDuQhi7p8TUeQ3r/627JdkYVmLY8EX74FbbMI
Z7j+tfoPb75s3Y4CIR3mdt/4242Yog+Y1FQMv6lj2N23iAxpRuYQl1yK1XcIqlWUy9wPnm7yKwzu1uHZG4knfLMb
u2pQ9d61dJmAO/TDZXEa/kRlFkX4gn9ycmT2CJSqpZGdyYQNVYTgHy/+NSqIDcMk9xgafPjEf2jBmNx9wS7Coon0hRUu4+MvgW23JDiwFuq/7uBUVcyN6l7KUkmFMXFBruM8xTDRM3cgpBa/3X42tMmgwEagXKUbCVIVz13PuIjlLCv0HRVVoZvD4hAPzGM2UNr1CqrIwZPP3xKA5z9AYUNUETyQOZR6ymt6ij5JPeDv6wGRgzGnuhK2KZi7OeAD5NwmJhMI4FhXsOdpijx87stG3/TE5L7sLB/k7OIquJOdmDN6bujrQ4u6SpmRCcyiaKqLMGVYwVsqWSfZWHuZ5lWu0yj9eye/zWejDVa1m6TJ+0IcRRdPWmep05LlIS2mBZ9cvzb1FbNw
RAf8dGz0N2wQP6Cho9JskgbxyR0ezTGGLIVP3jdbJUq61COoHQBY7SVmjoKF/OEl6lufr33V8xTcuBrKcyaExNFU0aqC0lZZofk9ISJrmLX0KQ93HFzSz3n2utSFaORWpER5W1XKkV85B3So6STPxFmtqSHneyYga8RvFhySEZouUB1Tk8cWkMN3jIHP3LXM1EGoevYTPnqawbEAI6MlgYcp+3rOLq0IX3GsI+jUQhbXsJzYqwijWW40cM4HjrtkQHzirPAH4PzG4vTzERCXCqoQ10O3Qo7pNYFAwiRiryBhQB0bdsGjSTyzVcZZpjcYucPbP7HfZz0yvZeEhbOmjMGPk5o7sdeCwWnhRokX+E9yjSmzTA==
k1xlEIrD/iVuo1ff6qD6ovsx8iTyklNGvlynFjE4sUhy0JaTonB44MofqWS4RTrQrl7JM/38D9AvZICtNoFC9qQLeFjCYtofeLH9AIeW+dfZx/lN78w3UQblO6jYwfygistKzXJqS2jAlls4GX/Q/DYw6EDLisEKQXF0Wgq0XlnQ3mbnBm7jTi2x9KLJZxl6ripALccr+nuJyc4LrwroxgFK3S7fKCqzZGrMni/nGz0GfXqOln/4hnK0TZ86a8YCjLRYSWrRXO0th9jnHN+rZCJIxpNWlIN6mDmdZC+7aoEAALyI9o6Ly0skzb0t3j7MNEi0ICV4X9xlsOmD88xMQHHp8IhZYKpm2/BmIFeKXrzl50MLiyqzQQ==
jqfD8vQSN1Y+KbzHvjwW/TT2+FW7pmre2fVRTaACL1wk9CtvyLQv0xl6daM5uq/1TzaHC7b3/NEHs2I=
FHtWGMAVb4UMGhupi6A4xoYgOMJxdxrhIlhu8h+NTGCxiXBoGUSqRpUQ5kCXql6cJYfD68sKs2E=
l5No0hdRGd5hwP7eLXhkdDT2+FW7pmre2fVRTaACL1wk9CtvyLQv0xh6daM5uq/1TzaHC7b3/NEHs2I=
gJ1zMWoi6YMM2nrZvXpDWIYgOMJxdxrhIlhu8h+NTGCxiXBoGUWqRpUQ5kCXql6cJYfD68sKs2E=
5emoG/OrwqjFLWh31dXOOZAnVndW43+fYmhmUrrMWyCS/R/6k3pFUlrSoZzJwlJmeDlDDaFF7kxfkAu1+Hq/8BR8fGcJGwj1t6DcEeY+YL+c4mWvaJKF+0o0UaaOqpvkrv4Rgbtxd1SzMw==
K6qFVsG7S8lNSsYuVgqSmjfV4vL36NM2V8nVOpp5U2epHx8aHX/Ntemwg0BOVRSlRuRRb28l1JRBTSVcOzqu3ahyWBdPYmB6teI6BHXTVswx70aa6x/nwnFJ0cbZN2iPYm1Zszw=
AwBxKk7mDmkoklAxLYoIFvaEJ1eNrSoBhh6IHc/VDwesVF1eWt65kPkuSkoYFZvhkQm2gJ9cU/lIlmdcdNDki7mXkHk3LESdVtL4E/xOvUPY3t03ivgJ6r5GQ8jO0glti31vWLM/
DiRd0aoWDZtCp6vKleYyXTHe5PvT78cgcdnVP5ldSWWkHx8aHX/Ntemwg0BOVRSlRuRRb28l1JRBTSVcOzqu3ahyWBdPYmB6teI6BHXTVswx70aa6x/nwnFJ0cbZN2iPYm1Zszw=
+VHyBGZoFAbKn9LcOwG67xd+YCxRRiViWuLBrAkSMvb4qeNdYbXOPF9gK8W4qh9glOycN0kr6MW3kDwhpm6ALxxyxX8o4qULSkRxVk76O3QubnFRe0EXZLMD
dItzJWd15hv1QACTENlTeANa5PIeq3ADdE8tZlrmybgZBhoS2M3LiTHhBvgfpOOR6H63BDQINKPZv2BBNxS0tTb6KMu8Fm2reLZtzwqAuQIeLhMQDopZRWtVH2CzBw==
rKBrnIFol4IPGdimm+2+kHM1mRjFp93noeDaZE02kZyGhEg/f/eJC6qevwaHPwDEy7LEWmB9AfUsh/dWcHt+oPQd7CSZlQCcgelqYp1sNtQvZj6YTVtzXxNmswU=
/vYMRGgTjFQ4hk2FLnSQaTHe5PvT78cgcdnVP5ldSWW/Hx8aHX/Ntemwg0BOVRSlRuRRb28l1JRBTSVcOzqu3ahyWBdPYmB6teI6BHXTVswx70aa6x/nwnFJ0cbZN2iPYm1Zszw=
KATp5Ph/je0p+k3SayqIsyqQgr5PBvfyhwt4H2+KivtkhGg5PImwchiHk4Jk0C21+J48s6qBGOQhi7p8TUeR2r/327JdkYVmLY8EX74FbbMI
+MAk3/XSOJ8gZeLhcvMJRLQi5t0YVchT/1tvF8FATj6+tcZXkgjrbfFSTJdqruKEAfW5vs8e8y74++Jz8qjIsZC+ZgB6sYQbZXYzBGlpVV1xy2tOt9+ab4M+THMMPiax4muWyCsGfHyDjm0tAAL6aqAGD0iBRB27jIxexm6HPOQOgSKMw2BRm+xU/XUJRKIwSCvDKfp1lcP2Hbs4mNgtsPUIuwrKXVgAlKjbNUtDSqeySNI9OEiu/jXJ7pl2XOAOsK/Os/xD0S1AkahNO9qu0k4V0hYD9ASzJfK7CZofrHoULhIs66X3zhULWYzuMvgS/Gbhuh+SOXoRVae+fJ6d05jufYSKSKnaftZjmE6C6f1LDY8os08=
ymj/ryouum3/a94B90ryOykfg7d6/hliED4MWyvL4NAOT3mBjHjJ3trEDWZhzSvPnMIlD+gyxRlJVJkHDgpbxK4e0eE7kTd0sxM=
NnAxthUuy9bGfhyEX6zs4pwFinpShUtEvq4hDSOE/4nRUkElUpK3nMVBh6C58gJnOILtBiBPQPjTQ6t6c0OPXc7Z4sQ9g75sqX/cGXOHfiLZGRkGkUdAb1odYbME
Y2eNzJ9+47J5v1FA1oUm0Ot/NMAPI4yNkm2Qz+2dheJm+TW80JiFfIRwC7/5FPipOCEFGhdAOx8d3//I3qXIohCVfCbhQpjYEvCEiMLf2Jibk0N6GxNUslJTmoTlc4YM4c80mdv3NgIhKUFGKdfYzxJNSbMs
+nILLKeG6ALwjU4fy9pHx0R1gNAieg7OHl66783Al+lYYG7Iqu8QOOMju3pjo6wSGmNyRI3jTiz5n+wZg6cu4mm56YYBpxAvqj1xsxQ=
z3I4sI4Bt9YSXgxxHIRnaCgfg7d6/hliED4MWyvL4NAOT3mBjHjJ3trEDWZhzSvPnMIlD+gyxRlPVJkHDgpbxK4e0eE7kTd0sxM=
bKf4bz3KsanyXc7H9nXkJkR1gNAieg7OHl6678zAl+lYYG7Iqu8QOOMju3pjo6wSGmNyRI3jTiz5n+wfg6cu4mm56YYBpxAvqj1xsxQ=
AIYMieJP4Q3QBPKMW5VCPSsfg7d6/hliED4MWyvL4NAOT3mBjHjJ3trEDWZhzSvPnMIlD+gyxR9OVJkHDgpbxK4e0eE7kTd0sxM=
1yqNyJCcwMBjS4fG68eZaUR1gNAieg7OHl6678/Al+lYYG7Iqu8QOOMju3pjo6wSGmNyRI3jTiz5n+oeg6cu4mm56YYBpxAvqj1xsxQ=
fEFTNl7mEPmuxy+W2OvNpiofg7d6/hliED4MWyvL4NAOT3mBjHjJ3trEDWZhzSvPnMIlD+gyxRpOVJkHDgpbxK4e0eE7kTd0sxM=
A1ya684fHB6HIMCx8tybLkR1gNAieg7OHl66787Al+lYYG7Iqu8QOOMju3pjo6wSGmNyRI3jTiz5n+8eg6cu4mm56YYBpxAvqj1xsxQ=
bi3/oz+DskY/gF/AhRRfUS0fg7d6/hliED4MWyvL4NAOT3mBjHjJ3trEDWZhzSvPnMIlD+gyxR5LVJgHDgpbxK4e0eE7kTd0sxM=
83WJLz5ptIQw0OjXMYIM6kR1gNAieg7OHl6678nAl+lYYG7Iqu8QOOMju3pjo6wSGmNyRI3jTiz5n+sbg6Yu4mm56YYBpxAvqj1xsxQ=
jHw0yQQAzLnJ7ziAq4GPJCwfg7d6/hliED4MWyvL4NAOT3mBjHjJ3trEDWZhzSvPnMIlD+gyxR1LVJgHDgpbxK4e0eE7kTd0sxM=
LUfNd7wTprzypUSTfeI0hER1gNAieg7OHl6678jAl+lYYG7Iqu8QOOMju3pjo6wSGmNyRI3jTiz5n+gbg6Yu4mm56YYBpxAvqj1xsxQ=
Qh8upaWNOq2X2LO271NrIg+ewy7QctQXm2e4PG6j4S089FFSWkiV6tFhsyP8Ln2jWH4dW4sYQEs+JgMozvLJzQudL3izHw==
KtZdujXrrZzbg2IdDAlPTk09y4BfsXEuGi5DFjGezuFAVXmBjHjJ3trEDXVuyTHPnMIlD+gyxRdLVJgHDgpbxK4e0eE7kTd0sxM=
tBkFnzCrW8b79OJtWOXqFQ6ewy7QctQXm2e4PG6j4S089FFSWkiV6tFhsyP8Ln2jWH4dW4oYQEs+JgMozvLJzQudL3izHw==
GkBzzl+rpISNQWHM69ELgk09y4BfsXEuGi5DFjGfzuFAVXmBjHjJ3trEDXVuyTHPnMIlD+gyxRdKVJgHDgpbxK4e0eE7kTd0sxM=
xsj45ItwSw65/aWbXYlrfw2ewy7QctQXm2e4PG6j4S089FFSWkiV6tFhsyP8Ln2jWH4dVIkYQEs+JgMozvLJzQudL3izHw==
KELZV7Z82mLckkIqGOZqEU09y4BfsXEuGi5DFjGczuFAVXmBjHjJ3trEDXVuyTHPnMIlD+gyxRhJVJgHDgpbxK4e0eE7kTd0sxM=
VvECk6ogTDke7tpx7ujuYgyewy7QctQXm2e4PG6j4S089FFSWkiV6tFhsyP8Ln2jWH4dW4kYQEs+JgMozvLJzQudL3izHw==
3PQFAMPjJXo9dJ0aDH5VmE09y4BfsXEuGi5DFjGdzuFAVXmBjHjJ3trEDXVuyTHPnMIlD+gyxRdJVJgHDgpbxK4e0eE7kTd0sxM=
H+pJaW+gtttEdZ1wQe9V3GCY23SGvlyAx6pHie+jeVyxOHnDksfMTB5ZAEifi6bvvSV7+h7+upvoDQvR1bq/r6hueUHENV+wj4cs+CbezDCRmTD4uRSrFjmBplC3+t7MBZeDe2taszE=
Jb5PNwn/geM5Jmhw2kv9+2CY23SGvlyAx6pHie+jeVyxOHrDksfMTB5ZAEifiqbvvSV7+h7+upvoDAvR1bq/r6hueUHENV+wj4cs+CbezDCRmTD4uROpFjmBplC3+t7MBZeDe2taszE=
BRHDT+UrMrfMoCkCZb+G1mCY23SGvlyAxqpHie+jeVyxOHvDksfMTB5ZAEifi6buvSV7+h7+upvoDAvR1bq/r6hueUHENV+wj4cs+CbezDCRmTD4uRmoFjmBplC3+t7MBZeDe2taszE=
nfppDIiwMdPmtfqvgS8WcmCY23SGvlyAx6pHie+jeVyxOHvDksfMTB5ZAEifi6bvvSV7+h7+upvoCQvR1bq/r6hueUHENV+wj4cs+CbezDCRmTD4uRevFjmBplC3+t7MBZeDe2taszE=
iOwL0o/Rsm0qBYx7AggoCWCY23SGvl2Ax6pHie+jeVyxOHvDksfMTB5ZAEifi6bvvSV7+h7+upvoCAvR1bq/r6hueUHENV+wj4cs+CbezDCRmTD4uROuFjmBplC3+t7MBZeDe2taszE=
TTNod1CHkPTTKuHqkQvHmNN4EyYSiirTPHl2Ta36SiC+/wXvthtbT1zVvZC1hlxxOX1SBuFD7koL7xio8EjtoSNffDgBCxj7n/LLQeQiaqCc4mWvaJKF9kg0XKeOqpvkrv4Rgbtxd1SzMw==
Ho21ACN/hyvAuoSBV7FifNN4EyYSiiqIaWNhRrfrZyCI6jCuwXg7HVbV6M/Ilkdgdz9DC/t0/1Ee7Ezp42u55A9dfDgBCxj7n/LLQeQiaqCc4mWvaJKF+ko0X6eOqpvkrv4Rgbtxd1SzMw==
Pe2j27Z8UkRr+h4hAUC7A9N4EyYSiirTPHl2Ta36SiC+/wXvthteT1zVvZC1hlxxOX1SBuFD7koL7xio8EjtoiNffDgBCxj7n/LLQeQiaqCc4mWvaJKF90o0X6eOqpvkrv4Rgbtxd1SzMw==
wiD0x9Te9nN2iyvBweG4FNN4EyYSiiqIaWNhRrfrZyCI6jCuwng7HVbV6M/Ilkdgdz9DC/t0/1Ee7Ezv42u55A9dfDgBCxj7n/LLQeQiaqCc4mWvaJKF+kk0X6eOqpvkrv4Rgbtxd1SzMw==
E+KH2xdEf1hU/szQqHygL1SmdOxHYiD2vidD1J6Mc+C7LFl3zja/ZLHrSjydZ6PezxiKcu0xFebd79QfjiV9sxg=
TDYQ/nQ85416ziIWUcKp+EXqcONGZCDrvidD1J6Mc+C7LFl3zja/ZLHrSjydZ67azxeKcu0xFebd79QfjiV9sxg=
cXpW9o2C6Zp9Xg1CVpZBUvaLvQ4NLLndg3w9ksigy2WpDMrphYNdXEEw/NPZXCQooaBpCGN/1ML9tBNf0FRnI3X+3RPwmreFt3Zfmw5XtAFvswo=
BjfdgJm+4jL0EDWNGsjA4B25KTqtlfEcbTKq6qYRSE2wzBbl7sZAr1Y7MIiuSBhrtcyYoCUg7YDf7zh6mVS3BzzkO+szuxlarGqb3VNWe2MiR0gJa7MO
kyD2bJviJ5M7QvpVrXOyWSYc7x4Xj/aP4buXuwLH4K8tQOirolQA0t4is4Pg4MwQUfmwGPkyrjZ/YiYwd9re7MX3A5srerMR
loNTwfwnwJOsA2xhwY1pxmwsIRnxdCDn/RgIw1IsANrOOpOr0NiM2AEh0PCJzC6+7/qGmMdiHqQVr+Pz2wKzGQ==
AQAukWVxpEwHTySaOuxBnVSmdOxHYiD2vidD1J6Mc+C6LFl3zja/ZLHrSjydZ6/bzxyJcu0xFebd79QfjiV9sxg=
n6fh0MsgPXmO0AXs8TKfJEXqcONGZCDrvidD1J6Mc+C6LFl3zja/ZLHrSjydZ67ZzxyJcu0xFebd79QfjiV9sxg=
cOoI7/z/YOKXdCF3yi7M/PeLvQ4NLLndg3w9ksigy2WpDMrphYNdXEEw/NPZXCQooaBoCGN/1ML9tBNf0FRnI3343RjzmreFt3Zfmw5XtAFvswo=
XvpuInW977KUwFRU+hLTYB25KTqtlfEcbTKq6qYRSE2wzBbl7sZAr1Y7MIiuSRhrtcyYoCUg7IDf7zh6mVS3BzzkO+s3vhlQr2qb3VNWe2MiR0gJa7MO
Il34s91ibhhAjgwvfbAIoiYc7x4Xj/aP4buXuwLH4a8tQOirolQA094is4Pg4MwQUfmwGPk4rjZ+YiYwd9re7MX3A5srerMR
sh273/5A9CicZrD/kOnfnWwsIRnxdCHn/RgIw1IsANvOOpOr0NiM2AEh0PCJyCu+6fqGmMdiHqQVr+Pz2wKzGQ==
cGK2jJxrH99soOeaTo16NVSmdOxHYiD2vidD1J6Mc+C5LFl3zja/ZLHrSjydZ6TazxuJcu0xFebd79QfjiV9sxg=
NGHwn58My+5P2vNadA5QakXqcONGZCDrvidD1J6Mc+C5LFl3zja/ZLHrSjydZ6DazxuJcu0xFebd79QfjiV9sxg=
zAweCYrJq7GjLlT4tgd70/SLvQ4NLLndg3w9ksigy2WpDMrphYNdXEEw/NPZXCQooaBrCGN/1ML9tBNf0FRnI3H53R/zmreFt3Zfmw5XtAFvswo=
9x/DIhInFlCc8rxkF08zNR25KTqtlfEcbTKq6qYRSE2wzBbl7sZAr1Y7MIiuShhrtcyYoCUg74Df7zh6mVS3BzzkO+sxuBlXr2qb3VNWe2MiR0gJa7MO
DIc//w23IgSyOofIsHgs1iYc7x4Xj/aP4buXuwLH4q8tQOirolQA0N4is4Pg4MwQUfmwGPkyqDZ5YiYwd9re7MX3A5srerMR
AzcLBF7O8mhcJS5ZmhUQgWwsIRnxdCLn/RgIw1IsANjOOpOr0NiM2AEh0PCJzSi+6fqGmMdiHqQVr+Pz2wKzGQ==
qYuQeJKOY8W3bIy7Tn3S2VSmdOxHYiD2vidD1J6Mc+C4LFl3zja/ZLHrSjydZ67fzxuJcu0xFebd79QfjiV9sxg=
6kjDcz6pcc7Pa68tJZuEhUXqcONGZCDrvidD1J6Mc+C4LFl3zja/ZLHrSjydZ6DfzxqJcu0xFebd79QfjiV9sxg=
d9gBupZ495sQ6pl4NRWzAPWLvQ4NLLndg3w9ksigy2WpDMrphYNdXEEw/NPZXCQooaBqCGN/1ML9tBNf0FRnI3L+3R7zmreFt3Zfmw5XtAFvswo=
lkioEROx252a5WndYtPyBGwsIRnxdCPn/RgIw1IsANnOOpOr0NiM2AEh0PCJziq+6/qGmMdiHqQVr+Pz2wKzGQ==
Mf11O588P3oCKsBCLpP++FSmdOxHYiD2vidD1J6Mc+C/LFl3zja/ZLHrSjydZ6DZzxmJcu0xFebd79QfjiV9sxg=
2E6jQ5ygq3Ny1Hk+L7EFQEXqcONGZCDrvidD1J6Mc+C/LFl3zja/ZLHrSjydZ67ZzxmJcu0xFebd79QfjiV9sxg=
YcUN2ytTekH1X4OUbKZL4vKLvQ4NLLndg3w9ksigy2WpDMrphYNdXEEw/NPZXCQooaBtCGN/1ML9tBNf0FRnI3P43R3zmreFt3Zfmw5XtAFvswo=
bGJygXV+suRcGxEBc29Anx25KTqtlfEcbTKq6qYRSE2wzBbl7sZAr1Y7MIiuTBhrtcyYoCUg6YDf7zh6mVS3BzzkO+swvhlVr2qb3VNWe2MiR0gJa7MO
xs6uAhy2v43AexIyloaoJSYc7x4Xj/aP4buXuwLH5K8tQOirolQA1t4is4Pg4MwQUfmwGPkzrjZ7YiYwd9re7MX3A5srerMR
yjawGnp+yZjx1ZrT2mPVAWwsIRnxdCTn/RgIw1IsAN7OOpOr0NiM2AEh0PCJzS6+6/qGmMdiHqQVr+Pz2wKzGQ==
VG1ThmBOw2bXKmVqOGD4KlSmdOxHYiD2vidD1J6Mc+C+LFl3zja/ZLHrSjydZ6XbzxiJcu0xFebd79QfjiV9sxg=
l8sQTCw5fF+CfJq5Zn8OVUXqcONGZCDrvidD1J6Mc+C+LFl3zja/ZLHrSjydZ6LbzxiJcu0xFebd79QfjiV9sxg=
3SY2dVz0TbTzPY6epE2L5POLvQ4NLLndg3w9ksigy2WpDMrphYNdXEEw/NPZXCQooaBsCGN/1ML9tBNf0FRnI3363RzzmreFt3Zfmw5XtAFvswo=
tSaG9Zyz79o8UOHbNmfj0B25KTqtlfEcbTKq6qYRSE2wzBbl7sZAr1Y7MIiuTRhrtcyYoCUg6IDf7zh6mVS3BzzkO+syuRlUr2qb3VNWe2MiR0gJa7MO
LWk/2bZoleOmsRYzhhZPGyYc7x4Xj/aP4buXuwLH5a8tQOirolQA194is4Pg4MwQUfmwGPk0qTZ6YiYwd9re7MX3A5srerMR
Wl4gzm7bTy6h38zmA8Gca2wsIRnxdCXn/RgIw1IsAN/OOpOr0NiM2AEh0PCJzim+6vqGmMdiHqQVr+Pz2wKzGQ==
SvZO9/2qZBSvVieeuty+T5qu3oKfs13HkFVJrrB57pLAmAp8W+EcllyK1XcIqlWfztwAnG7yKwzu1uHZG4knfLMb
gUaOrMJnIbXhJFZrxEgIFIvi2o2etV3akFVJrrB57pLAmAp8W+EcllyK1XcIqlWUy9wJnW7yKwzu1uHZG4knfLMb
RNFXsKWk6ilZOY6wt6ZUGq+oiTAEzr/1VE4P8a+Faf5/WzbTGd+ntwozwJP1BDgHCsCATmaGQ88o1KzsSf2gdBFj6uoFh5a8/65+UJ0zU7cDbrMN
GFQzqGDN1GPXzNSrVNtkGUpkJH2bwH6ZnVKJ9N5L+0LeDXr6+JK0lM/Zk/mlUQdpL3EEhZSQVbt4ghw30qtUQGJoFGNR/NwY2aCROBvfXHKVdPtP2HS/c+x/RUqqer+Vn7b364a3DHFXszI=
MKM2Mm5BVKBen8iGrDwxrGbrumzJ5kzBmOwDhuukZVaBOAbwu5PXTCUNH1XN2Pq69jU0shHl8q+hWxfbwufgj+0gaEvidADynsIz4yDAzDCRmTD4uRiuFjyDplC3+t7MBZeDe2taszE=
91hhHzEtYiQvCX6mGQxPHlfu11NzW8uu+XpYS4xQXbPStbV132m+YRAlqf5wSc6CwIgqTJux/ObcOnWnSFo1g8vM6+2uoou8biaBCVu5B2yzCw==
d7y2lSwYOQQxnNkrgcR+3Vo47Mk0EPX7WIJ8dzIrNIBCaDSj8Xw82LmgcXh7X/wytXTbDzj037MPeWWJCvofVf+2F6vmN6wxd7MS
P0wwDezXKli9Is38dVBlnSYc7x4Xj/aP4buXuwLH4K8tQOirolQA0t4is4Pg4MwQUfmwGPk0qTZ/YyYwd9re7MX3A5srerMR
2mBq9yat5S67TE8arOS945qu3oKfs13HkVVJrrB57pLAmQp8W+EcllyK1XcIqlWRyNwLnW7yKwzu1uHZG4knfLMb
9dvY/Q0/Mc9NjI+wziTc2Ivi2o2etV3akFVJrrB57pLAmAp8W+EcllyK1XcIqlWWytwKnW7yKwzu1uHZG4knfLMb
pDdqSaeDT7GhIJ3Zft3dzq+oiTAEzr/1VE4P8a+Faf5/WzbTGd+ntwozwJP1BDgHCsCATmaGQ88o1KzsSf2gdBFi6uoGh5a8/65+UJ0zU7cDbrMN
aCFDGeRiwKeLNfxxTjiCykpkJH2bwH6ZnVKJ9N5L+0LdDXr6+JK0lM/Zk/mlUQdpL3EEhZSQVbt4ghw30qtUQGJoFGNR/NwY2aCROBvfXHKVdPtP2HS/c+h5RUiqer+Vn7b364a3DHFXszI=
ZMMlGYZ0ircv7i5VXHguZ+Ox94qLm8jYESqMhdDQ01LTyAVyaSQ2hLif10gtcQ9BNfTa3t7pxIZJqbJraedHj3oLACuFvNi/eviAdhY+o3dYbGzUOcVATGHfaVJxv3aEj5a+6O2Lsw9zVrM1
RdssmzGHA1Yxi4KkIVH6Xlfu11NzW8uu+XpYS4xQXbPStbV132m+YRAlqf5wSc6CwIgqTJux/ObcOnWnSFo1gMnM7e2uoou8biaBCVu5B2yzCw==
wkcxuZnycQxpZW9rry3M91o47Mk0EPX7WIJ8dzIrNIBCaDSj8Xw82LmgcXh7X/wytXTbDzj037MNeGWPCvofVf+2F6vmN6wxd7MS
lC/QDYqnqSfN0zpmf/fqPvbW6Bs+Y46eh3cumci9zS2qBoTniotcUAoo/NPZXCQooaBpCGN/1ML9tBNf0FRnI3X/3R/ymreFt3Zfmw5XtAFvswo=
iciQXPcahqKfcPZnipF7/0pkJH2bwH6ZnVKJ9N5L+0LeDXr6+JK0lM/Zk/mlUQdpL3EEhZSQVbt4ghw30qtUQGJoFGNR/NwY2aCROBvfXHKVdPtP2HS/c+5+RU+qer+Vn7b364a3DHFXszI=
F+Zy5R3T4BA57CD/MHRTWGbrumzJ5kzBmOwDhuukZVaBOAbwu5PXTCUNH1XN2Pq69jU0shHl8q+hWxfbwufgj+0gaEvidADynsIz4yDAzDCRmTD4uRmuFjmDplC3+t7MBZeDe2taszE=
ETjNVbgx8E+A+iIkz8qOTVfu11NzW8uu+XpYS4xQXbPStbV132m+YRAlqf5wSc6CwIgqTJux/ObcOnWnSFo1gsvM7O2uoou8biaBCVu5B2yzCw==
5Sdp5pHdx/f3268Z73zgfFo47Mk0EPX7WIJ8dzIrNIBCaDSj8Xw82LmgcXh7X/wytXTbDzj037MLe2WOCvofVf+2F6vmN6wxd7MS
GKog+FJqjLsGwwkkwC1bZCYc7x4Xj/aP4buXuwLH4K8tQOirolQA0t4is4Pg4MwQUfmwGPk3qzZ4YyYwd9re7MX3A5srerMR
/mfK/zBUwC0dq1F2feJtrIvi2o2etV3akVVJrrB57pLAmQp8W+EcllyK1XcIqlWQytwMnW7yKwzu1uHZG4knfLMb
pWazltAde8jVQ17KKeGLMa+oiTAEzr/1VE4P8a+Faf5/WzbTGd+ntwozwZP1BDgHCsCAT2aGQ88o1KzsSf2gdBFl6OoAh5a8/65+UJ0zU7cDbrMN
VLJuZdDZb0WXROP1eP51PLKYuLmlspl2WCjdrLRoZgORhfSCcdXyn8Fr12uiV2E/jZCoe4JEAMP+8vNTQHBMgPEp8MjZIKsmW7Nm4NdKXnxlJ0NLC2qzAQ==
U0ZE27q9Hp+Pe4iF9mDOkUpkJH2bwH6ZnVKJ9N5L+ELdDXr6+JK0lM/Zk/mlUQdpL3EEhZSQVbt4ghw30qtUQGJpFGNR/NwY2aCQOBvfXHKVdPtP2HS/c+14RU2qer+Vn7b364a3DHFXszI=
Wc2k418FmAkVBggqc7g2aOKx94qLm8jYESqMhdDQ01LTyAVyaSQ2hLif10gtcQ9BNfTa3t7pxIZJqbJraedHj3oLASuFvNi/eviAdxY+o3dYbGzUOcVATGHdblJzv3aEj5a+6O2Lsw9zVrM1
VSFEkSMnB3AUmOoMMVCHIFfu11NzW8uu+XpYS4xQXbPStbV132m+YRElqf5wSc6CwIkqTJux/ObcOnWnSFo1js7M7+2uoou8biaBCVu5B2yzCw==
otEQ6rcF1Frj53pHe3QOZFo47Mk0EPX7WIJ8dzIrNIBCaTSj8Xw82LmgcHh7X/wytXTbDzj037MEfmWNCvofVf+2F6vmN6wxd7MS
Iaky/EbWC7WBQG6ZpnrKiK6oiTAEzr/1VE4P8a+Faf5/WzbTGd+ntwozwZP1BDgHCsCAT2aGQ88o1KzsSf2gdBFs6uoCh5a8/65+UJ0zU7cDbrMN
ebmQL+DqacRWyk+zCB4btrKYuLmlspl2WCjdrLRoZgORhfSCcdXyn8Fr12uiV2E/jZCoe4JEAMP+8vNTQHBMgPEp8MjZJqkmWrNm4NdKXnxlJ0NLC2qzAQ==
kSHrPu4lNjFtLa5sj6zfckpkJH2bwH6ZnVKJ9N5L+0LcDXr6+JK0lM/Zk/mlUQdpL3EEhZSQVbt4ghw30qtUQGJpFGNR/NwY2aCQOBvfXHKVdPtP2HS/c+R/RUyqer+Vn7b364a3DHFXszI=
/GImn3oCIYLW85Il63IogeCx94qLm8jYESqMhdDQ01LTyAVyaSQ2hLif10gtcQ9BNfTa3t7pxIZJqbJraedHj3oLASuFvNi/eviAdxY+o3dYbGzUOcVATGHYblJyv3aEj5a+6O2Lsw9zVrM1
l0B2eA4odvYDVUdfC05SFlfu11NzW8uu+XpYS4xQXbPStbV132m+YRElqf5wSc6CwIkqTJux/ObcOnWnSFo1hsvM4e2uoou8biaBCVu5B2yzCw==
E2xFTTo/ysZvgDqnnGxFE1o47Mk0EPX7WIJ8dzIrNIBCaTSj8Xw82LmgcHh7X/wytXTbDzj037MPe2WDCvofVf+2F6vmN6wxd7MS
rmFg7TX9fWqzUfDakYTlKiYc7x4Xj/aP4buXuwLH4a8tQOirolQA094is4Pg4MwQUfmwGPk0qzZ1YyYwd9re7MX3A5srerMR
QJfwXx10k74hFsS3dNPQW5qu3oKfs13HklVJrrB57pLAmgp8W+EcllyK1XcIqlWSytwBnW7yKwzu1uHZG4knfLMb
UO4Mpw1sTgWDpRGuGV+t/Ivi2o2etV3aklVJrrB57pLAmgp8W+EcllyK1XcIqlWTydwBnW7yKwzu1uHZG4knfLMb
AWDASanyAVUhWhQe7MSVA6+oiTAEzr/1VE4P8a+Faf5/WzbTGd+ntwozwpP1BDgHCsCATGaGQ88o1KzsSf2gdBFl6OoNh5a8/65+UJ0zU7cDbrMN
mJmQ9xEniFHiJC8R8ZHgNkpkJH2bwH6ZnVKJ9N5L+ELcDXr6+JK0lM/Zk/mlUQdpL3EEhZSQVbt4ghw30qtUQGJqFGNR/NwY2aCTOBvfXHKVdPtP2HS/c+9+RUKqer+Vn7b364a3DHFXszI=
js9ORkWz1V5nThlz1cG8SeOx94qLm8jYESqMhdDQ01LTyAVyaSQ2hLif10gtcQ9BNfTa3t7pxIZJqbJraedHj3oLAiuFvNi/eviAdBY+o3dYbGzUOcVATGHba1J1uHaEj5a+6O2Lsw9zVrM1
4T2UEnmvFD6QldkK6bo+CVfu11NzW8uu+XpYS4xQXbPStbV132m+YRIlqf5wSc6CwIoqTJux/ObcOnWnSFo1h8rM6equoou8biaBCVu5B2yzCw==
eHO8GxQnXL98GFx1F8K9ilo47Mk0EPX7WIJ8dzIrNIBCajSj8Xw82Lmgc3h7X/wytXTbDzj037MIemWLDfofVf+2F6vmN6wxd7MS
8EIpUgfj6LB+yYEVFSIbsk835slgXbW9EoZ8dzIrNIBCajSj8Xw82Lmgc3h7X/wytXTbDzj037MPeWWLDfofVf+2F6vmN6wxd7MS
v7ihjp0SkENVjhSd3/HVd/bW6Bs+Y46eh3cumci9zS2qBoTniotcUAoq/NPZXCQooaBrCGN/1ML9tBNf0FRnI3f43Rv1mreFt3Zfmw5XtAFvswo=
ZUTPgA+kRi5s1a+ENMLIakpkJH2bwH6ZnVKJ9N5L+0LbDXr6+JK0lM/Zk/mlUQdpL3EEhZSQVbt4ghw30qtUQGJqFGNR/NwY2aCTOBvfXHKVdPtP2HS/c+9/RUuter+Vn7b364a3DHFXszI=
0g6Cy2oeu00W0cAdYGh+VWfrumzJ5kzBmOwDhuukZVaBOAbwu5PXTCUNH1XN2Pq69jU0shHl8q+hWxfbwufij+0gaEvidADwnsIz4yDAzDCRmTD4uRSuFj2EplC3+t7MBZeDe2taszE=
qIytW+J5zYD3fJcjXJENWFfu11NzW8uu+XpYS4xQXbPStbV132m+YRIlqf5wSc6CwIoqTJux/ObcOnWnSFo1j87M6equoou8biaBCVu5B2yzCw==
Tbz1aDNgGixt5mCtqdKiDVo47Mk0EPX7WIJ8dzIrNIBCajSj8Xw82Lmgc3h7X/wytXTbDzj037MKe2WKDfofVf+2F6vmN6wxd7MS
zKHoJtI8vwemwp384ol+iyYc7x4Xj/aP4buXuwLH4q8tQOirolQA0N4is4Pg4MwQUfmwGPkwqjZ8ZCYwd9re7MX3A5srerMR
6ofzaIHvnVvsGW4GaGQQezVZm/VCH1Yh3dmuDKdPwHD5YADLxdxYHzrYgFZWniMXGIxstPklwOyh/2tythj2ZE/2vgit6zOvM3azFQ==
fCjdUc+zr30yeatvaaj9nENs+7TUWeNmmQ3BRfJ3+7hGV6u0hpx74LM8QZemxsek6TvinCXXKl9Ha3cSBWHNpuXf/D+WNXWzEA==
Wwr+1xUOwTTtCx+MyWoND4vi2o2etV3akFVJrrB57pLAmAp8W+EcllyK1XcIqlWTydwOmm7yKwzu1uHZG4knfLMb
qnUJdO3A0H/Q6BEPaX1qeBfTBF40uLIsedO0rJ+sTo3YycaqBjM7OOLko+7MY/1NugaUx3rLDPCaqEwzaRz0CNGgmSgzv2SiTTSD/wCUFwNn+83zxdpnZSf2rzt+l2RhX7M6
5gckhKCRSNq5hB1bmlrvtiYc7x4Xj/aP4buXuwLH4K8tQOirolQA0t4is4Pg4MwQUfmwGPkxqjZ1ZCYwd9re7MX3A5srerMR
Lclc2R/HhumRwedlAqFCWYvi2o2etV3aklVJrrB57pLAmgp8W+EcllyK1XcIqlWfytwBmm7yKwzu1uHZG4knfLMb
e51z6GKTjRg/VEv/WwPOhRfTBF40uLIsedO0rJ+sTo3YycaqBjM7OOLko+7MY/1NugaUx3rLDPCaqkwzaRz0CNGgmygzv2SiTTSD/wCUFwNn+M3zxdpnZSf2rzt+l2RhX7M6
sjv3vlc63u6LjyznnqxH4yYc7x4Xj/aP4buXuwLH4q8tQOirolQA0N4is4Pg4MwQUfmwGPk1qDZ1ZCYwd9re7MX3A5srerMR
0p3W8kVK5K32yxoEimhqaJqu3oKfs13HkVVJrrB57pLAmQp8W+EcllyK1XcIqlWXz9wBmm7yKwzu1uHZG4knfLMb
E8aE86plHOFnBtZZ6rBl6ENs+7TUWeNmmQ3BRfJ3+7lGV6u0hpx74LI8QZemxsek6TvinCXXKF9HZ3cSBWHNpuXf/D+WNXWzEA==
eFv5Y3nTIMOxoE4nsx02N4vi2o2etV3akVVJrrB57pLAmQp8W+EcllyK1XcIqlWUztwBmm7yKwzu1uHZG4knfLMb
tymbUvPxu545hCX1QY4zhl9dvlpyX2qK0nznjX5n7uI9hX8F6U+ulNFhWw8Ii/KyxrK+lUxGPHcvrGNFFonNSS/Vxt3xmdHCgHW2PkA1UnBrjYRaPIYNG7hmTbgJcJhWXp7zgI4a+bWrBX9Qszc=
Hi37SZkY6h0z0+aTI+SwZeRbnNV3Vz8GgzU8LjRYP8FSNUyh9HBREC4ZTkhINH+K9eSslI3yIlvzUZTmups0c+IsNNnCr+ekmlQfYFZ0XYdqvkNErSPurFlfyB9jbktiifmJhuHnsK8KfVGzNA==
dROHdjcHkxmkiwXfaOL7KSYc7x4Xj/aP4buXuwLH4a8tQOirolQA094is4Pg4MwQUfmwGPk1rzZ0ZCYwd9re7MX3A5srerMR
24GBBE/H8IdBhFef7T34ikNs+7TUWeNmmQ3BRfJ3+7lGV6u0hpx74LI8QZemxsek6TvinCXXLV5HZncSBWHNpuXf/D+WNXWzEA==
9SapfS5OlP5+vqiItZpXFJqu3oKfs13HlFVJrrB57pLAnAp8W+EcllyK1XcIqlWUyNwMm27yKwzu1uHZG4knfLMb
ghCqL4DfjOqkeUuTJfyMJ4vi2o2etV3alFVJrrB57pLAnAp8W+EcllyK1XcIqlWeydwPm27yKwzu1uHZG4knfLMb
pKpRzLFbYGSyy2wEXE3926+oiTAEzr/1VE4P8a+Faf5/WzbTGd+ntwozxJP1BDgHCsCASmaGQ88o1KzsSf2gdBFm7+oDgZa8/65+UJ0zU7cDbrMN
rpkGO/BO42RlIVQFe3JFcuD2oNDLwajWS2uexYqMlRGHiFgzOjZW99iOmVQ3YA1MI/aJy9PpxIZJqbJraedHj3oLBCuFvNi/eviAchY+o3dYbGzUOcVATGHUblJyuXaEj5a+6O2Lsw9zVrM1
koTg2jdP3gWwO6g8l+2zguGx94qLm8jYESqMhdDQ01LTyAVyaSQ2hLif10gtcQ9BNfTa3t7pxIZJqbJraedHj3oLBCuFvNi/eviAchY+o3dYbGzUOcVATGHbalJ9uXaEj5a+6O2Lsw9zVrM1
AWa7+gUDQLQyZDEm0Ig9+lfu11NzW8uu+XpYS4xQXbPStbV132m+YRQlqf5wSc6CwIwqTJux/ObcOnWnSFo1hMnM4euuoou8biaBCVu5B2yzCw==
LFb8pf64df8EgCsGtO9enVo47Mk0EPX7WIJ8dzIrNIBCbDSj8Xw82LmgdXh7X/wytXTbDzj037MNeGWDDPofVf+2F6vmN6wxd7MS
ILi9B+eD2iOliiUNBbaIOPbW6Bs+Y46eh3cumci9zS2qBoTniotcUAos/NPZXCQooaBtCGN/1ML9tBNf0FRnI3T/3RP0mreFt3Zfmw5XtAFvswo=
1Sc9SdItvgRKNnlIEDKOg9JmFysAiC/JPiMmFu2/E3rKpUa83glcDBnSu5qVwldkOT1PQ6wY7UtSzQW9/2GuuVR9OXYQAT66wLTaBPs5bL6c4mWvaJKF+0s0UKOOqpvkrv4Rgbtxd1SzMw==
mhZinmWLlejkF9vh9a8nl2TrumzJ5kzBmOwDhuukZVaBOAbwu5PXTCUNH1XN2Pq69jU0shHl8q+hWxfbwufkj+0gaEvidAD2nsIz4yDAzDCRmTD4uRCpFjSFplC3+t7MBZeDe2taszE=
7sLCDLEj0Yxb/QRvqoUTK1fu11NzW8uu+XpYS4xQXbPStbV132m+YRQlqf5wSc6CwIwqTJux/ObcOnWnSFo1g8nM4Ouuoou8biaBCVu5B2yzCw==
ofYdMHZkwcL5UKggVmBrL1o47Mk0EPX7WIJ8dzIrNIBCbDSj8Xw82LmgdXh7X/wytXTbDzj037MKf2WCDPofVf+2F6vmN6wxd7MS
6UXseZJYKXBlJAHdFrpUN5qu3oKfs13Hk1VJrrB57pLAmwp8W+EcllyK1XcIqlWTztwAm27yKwzu1uHZG4knfLMb
acK2jts/niTFPU7viggqNovi2o2etV3ak1VJrrB57pLAmwp8W+EcllyK1XcIqlWRztwAm27yKwzu1uHZG4knfLMb
fBLrY87d/NvJlknxwRc0Rq+oiTAEzr/1VE4P8a+Faf5/WzbTGd+ntwozw5P1BDgHCsCATWaGQ88o1KzsSf2gdBFk7uoFhJa1/q5+UJ0zU7cDbrMN
IPf5ixCxmGYRNLC+Qb8GGbKYuLmlspl2WCjdrLRoZgORhfSCcdXyn8Fr12uiV2M/jZCoe4JEAMH+8vNTQHBMgPEp8MjZJK4mXbBm6dZKXnxlJ0NLC2qzAQ==
JzjU3G3MeYBY/AaiDYeVEeD2oNDLwajWS2uexYqMlRGEiFgzOjZW99iOmVQ3YA1MI/aJy9PpxIZJqbJraedHj3oLAyuFvNi/eviAdRY+o3dYbGzUOcVATGHZaVJ0vHaNjpa+6O2Lsw9zVrM1
eSJbVpD57FAAiYZPT5pLYOax94qLm8jYESqMhdDQ01LTyAVyaSQ2hLif10gtcQ9BNfTa3t7pxIZJqbJraedHj3oLAyuFvNi/eviAdRY+o3dYbGzUOcVATGHUaFJ0vHaNjpa+6O2Lsw9zVrM1
CnZqIsUlxDmjqXrF2gUNcFfu11NzW8uu+XpYS4xQXbPStbV132m+YRMlqf5wSc6CwIsqTJux/ObcOnWnSFo1hM/M6O6uq4q8biaBCVu5B2yzCw==
VHPQFJ/y/xHzP/zq9JS5n1o47Mk0EPX7WIJ8dzIrNIBCazSj8Xw82Lmgcnh7X/wytXTbDzj037MIf2WKCfoWVP+2F6vmN6wxd7MS
GBR2EyL3UYnSPE0Y7NIFf+nJ90oLY46eh3cumci9zS2qBoTniotcUAor/NPZXCQooaBqCGN/1ML9tBNf0FRnI3T+3Rrxmr6Et3Zfmw5XtAFvswo=
1Zsxu5Lo2SRiwAq5LPZyF66oiTAEzr/1VE4P8a+Faf5/WzbTGd+ntwozw5P1BDgHCsCATWaGQ88o1KzsSf2gdBFs7uoEhJa1/q5+UJ0zU7cDbrMN
yEVThbKQ78cK4w8bb6PqG7KYuLmlspl2WCjdrLRoZgORhfSCcdXyn8Fr12uiV2M/jZCoe4JEAMH+8vNTQHBMgPEp8MjZIqsmX7Bm6dZKXnxlJ0NLC2qzAQ==
wmdwdV/umswHN7tBvtTsPuD2oNDLwajWS2uexYqMlRGDiFgzOjZW99iOmVQ3YA1MI/aJy9PpxIZJqbJraedHj3oLAyuFvNi/eviAdRY+o3dYbGzUOcVATGHbalJ2vHaNjpa+6O2Lsw9zVrM1
QIMesSBt9vuB5hTw8S1B3Oex94qLm8jYESqMhdDQ01LTyAVyaSQ2hLif10gtcQ9BNfTa3t7pxIZJqbJraedHj3oLAyuFvNi/eviAdRY+o3dYbGzUOcVATGHYaFJ2vHaNjpa+6O2Lsw9zVrM1
V7T6nmcfhfRp+UOBrXofGlfu11NzW8uu+XpYS4xQXbPStbV132m+YRMlqf5wSc6CwIsqTJux/ObcOnWnSFo1jsjM6u6uq4q8biaBCVu5B2yzCw==
snFIh+Y2nDlhy6Gl1J6A71o47Mk0EPX7WIJ8dzIrNIBCazSj8Xw82Lmgcnh7X/wytXTbDzj037MNf2WICfoWVP+2F6vmN6wxd7MS
9/sslN6x9J99pMMUkB62VJqu3oKfs13HlVVJrrB57pLAnQp8W+EcllyK1XcIqlWRz9wKnm77Kgzu1uHZG4knfLMb
t3JkelAZdiLbeTSKpeRsfIvi2o2etV3alVVJrrB57pLAnQp8W+EcllyK1XcIqlWfz9wKnm77Kgzu1uHZG4knfLMb
JV34Um/bEfp5WXt02ZA2aq+oiTAEzr/1VE4P8a+Faf5/WzbTGd+ntwozxZP1BDgHCsCAS2aGQ88o1KzsSf2gdBFn6+oBhJa1/q5+UJ0zU7cDbrMN
ioQ/feMRtZBq4mhueIKTUeD2oNDLwajWS2uexYqMlRGAiFgzOjZW99iOmVQ3YA1MI/aJy9PpxIZJqbJraedHj3oLBSuFvNi/eviAcxY+o3dYbGzUOcVATGHZaVJxvHaNjpa+6O2Lsw9zVrM1
Ca4z48YtVvQpDL8lhKPvIeGx94qLm8jYESqMhdDQ01LTyAVyaSQ2hLif10gtcQ9BNfTa3t7pxIZJqbJraedHj3oLBSuFvNi/eviAcxY+o3dYbGzUOcVATGHVaFJxvHaNjpa+6O2Lsw9zVrM1
OpnTgOCfF/ytrwOjvistClfu11NzW8uu+XpYS4xQXbPStbV132m+YRUlqf5wSc6CwI0qTJux/ObcOnWnSFo1hM/M7e6uq4q8biaBCVu5B2yzCw==
deCkMmKxxdBgJq8Zgcy2C1o47Mk0EPX7WIJ8dzIrNIBCbTSj8Xw82LmgdHh7X/wytXTbDzj037MIf2WPCfoWVP+2F6vmN6wxd7MS
dEDLRrF7+djhFIJWaJ11IFdX+KBfO2vDscwjpRbpDamvtQY99bkRYgDVdh5AEZLQ6y1EejxmzXs4ho3bDpDVMt53suCOOrkVK6U/cLMX
8O9cdFxpzY6lettKISEeifbW6Bs+Y46eh3cumci9zS2qBoTniotcUAot/NPZXCQooaBsCGN/1ML9tBNf0FRnI33+3R/xmr6Et3Zfmw5XtAFvswo=
JdWDjVWuXo/fueXebDwkW9JmFysAiC/JPiMmFu2/E3rJpUa83glcDBnSu5qVwldkOT1PQ6wY7UtSzQW9/2GuuVV9OXYQAT66wLXaBPs5bL6c4mWvaJKF+kk0XKaOo5rkrv4Rgbtxd1SzMw==
Ug5ZtHnnNYQmVFaeqBTtkGXrumzJ5kzBmOwDhuukZVaBOAbwu5PXTCUNH1XN2Pq69jU0shHl8q+hWxfbwuflj+0gaEvidAD3nsIz4yDAzDCRmTD4uRioFjiAplm2+t7MBZeDe2taszE=
vx1I/8xZaz0AYcwXfABCZVfu11NzW8uu+XpYS4xQXbPStbV132m+YRUlqf5wSc6CwI0qTJux/ObcOnWnSFo1h8/M7O6uq4q8biaBCVu5B2yzCw==
+BfhyArphrRIwJrh1cLlUlo47Mk0EPX7WIJ8dzIrNIBCbTSj8Xw82LmgdHh7X/wytXTbDzj037MOf2WOCfoWVP+2F6vmN6wxd7MS
sr2jMmFoSjQe+EupU33HZCYc7x4Xj/aP4buXuwLH5K8tQOirolQA1t4is4Pg4MwQUfmwGPkxrjZ1YCY5dtre7MX3A5srerMR
Jl7d1fY0w2rwjwpBw78PWUNs+7TUWeNmmQ3BRfJ3+7xGV6u0hpx74Lc8QZemxsek6TvinCXXKV5HZ3MSDGDNpuXf/D+WNXWzEA==
llhs4O2vf3CqZuLATU4B+6+M4kOpj3Z94Mn+Wj5TE53w4Sp8akMsmHXaBEykdeJj2eyEAwE8DDipoGUYS5+MkgX0S69oNI+T+XhVYlk6xjRvNmdLVndcEWezAg==
Lp0Bhz2gj74LYugzxVLfpIvi2o2etV3alFVJrrB57pLAnAp8W+EcllyK1XcIqlWXz9wAnm77Kgzu1uHZG4knfLMb
rQ3tTi8OBGgTVJnCDFbYHkcS/rVMJnyXr8wjpRbpDamvtQY99LkRYgDVdh5AEJLQ6y1EejxmzXs4ho3bDpDYMt53suCOOrkVK6U/cLMX
AWejQiR9jbJQaeAAJm7FsRfTBF40uLIsedO0rJ+sTo3YycaqBjM7OOLko+7MY/1NugaUx3rLDPCarEwzaRz0CNGgnSgzv2SiTTSD/wCUFwNs/s3ywdpuZCf2rzt+l2RhX7M6
h4L9oRAeusJCaTrut5FoYhfTBF40uLIsedO0rJ+sTo3YycaqBjM7OOLko+7MY/1NugaUx3rLDPCarUwzaRz0CNGgnCgzv2SiTTSD/wCUFwNl+c37wNpuZCf2rzt+l2RhX7M6
VnRK7zB6rcZc6vE724031+LsotHOh7rIUGuZ2ZGMkgOYk14vKjRW9MGPiwl2Mk4IIuPc1Mjpl8YP47ZraedHj3oLAyuFvNi/eviAdRY+o3dYbGzUOcVATGHbaFJ0vXaNjpa+6O2Lsw9zVrM1
9IkyAibNTGzDNQmf5//q++PsotHOh7rIUGuZ2ZGMkgOYk14vKjRW98GPiwl2Mk4IIuPc1Mjpl8YP47ZraedHj3oLAyuFvNi/eviAdRY+o3dYbGzUOcVATGHbb1J0vXaNjpa+6O2Lsw9zVrM1
i7RfW2AVQQJVjHJ01rxhyiYc7x4Xj/aP4buXuwLH468tQOirolQA0d4is4Pg4MwQUfmwGPk1rjZ8YSY5dtre7MX3A5srerMR
iDaebD3Q9YLAWPl5r25wJyYc7x4Xj/aP4buXuwLH5K8tQOirolQA1t4is4Pg4MwQUfmwGPkxqzZ/YSY5dtre7MX3A5srerMR
tQ3PxgnzaMNWd2bN3z7lNkNs+7TUWeNmmQ3BRfJ3+7xGV6u0hpx74Lc8QZemxsek6TvinCXXKVtHbXISDGDNpuXf/D+WNXWzEA==
L1T+lyc9fQ1Xd4kfnhZ8Epqu3oKfs13HklVJrrB57pLAmgp8W+EcllyK1XcIqlWXyNwLn277Kgzu1uHZG4knfLMb
e5FfSkvpy/+LBpvS+dzVyENs+7TUWeNmmQ3BRfJ3+7pGV6u0hpx74LE8QZemxsek6TvinCXXKlhHbXISDGDNpuXf/D+WNXWzEA==
aDnbyeiRpEypcQL+XAK78Jqu3oKfs13HkFVJrrB57pLAmAp8W+EcllyK1XcIqlWVztwLn277Kgzu1uHZG4knfLMb
RQZY3c7cCokcFD04Mlqnz0Ns+7TUWeNmmQ3BRfJ3+7hGV6u0hpx74LM8QZemxsek6TvinCXXKV5HbXISDGDNpuXf/D+WNXWzEA==
Fayp3nGZGXafLlEnQJeL5kNs+7TUWeNmmQ3BRfJ3+7tGV6u0hpx74LA8QZemxsek6TvinCXXKl5HaXISDGDNpuXf/D+WNXWzEA==
+dUPMEkBqpGDn2iEDx0M5pqu3oKfs13HkVVJrrB57pLAmQp8W+EcllyK1XcIqlWTytwOn277Kgzu1uHZG4knfLMb
QavtiHKb6SSpDMRjIBk9A4vi2o2etV3akVVJrrB57pLAmQp8W+EcllyK1XcIqlWeydwOn277Kgzu1uHZG4knfLMb
AFw1BSqiSnDYRj3Q32+gPa+oiDAEzr/1VE4P8a+Faf5/WzbTGd+ntwozwZP1BDgHCsCAT2aGQ88o1KzsSf2gdBFk7+oChZa1/q5+UJ0zU7cDbrMN
Y+3lKQBe7iETQ5MWRTjnOUw+LQ7rn8fewKs1Sl6JyqmRdSek+S0T4sSCs5XI2ZfxqUE7cUtRIH1IoBnzPELY/57bCPiGibD7LWxQkF0gFLCXT6DqMRSf9wSEczuvO4GLZErq7LuWE/O6pwB5U7M2
1nUXC9XL4iR/Bu6WeP6wDeGx94qLm8jYESqMhdDQ01LTyAVyaSQ2hLif10gtcQ9BNfTa3t7pxIZJqbJraedHj3oLASuFvNi/eviAdxY+o3dYbGzUOcVATGHUalJ9vXaNjpa+6O2Lsw9zVrM1
mvzQYAlyhxyY1qS9V+0/vFfu11NzW8uu+XpYS4xQXbPStbV132m+YRElqf5wSc6CwIkqTJux/ObcOnWnSFo1gsnM4e+uq4q8biaBCVu5B2yzCw==
c5LxWtPUd54jMJhxWuDzTFo47Mk0EPX7WIJ8dzIrNIBCaTSj8Xw82LmgcHh7X/wytXTbDzj037MLeWWDCPoWVP+2F6vmN6wxd7MS
eyUxnGuUJwNr1mtmhcD5OyYc7x4Xj/aP4buXuwLH4a8tQOirolQA094is4Pg4MwQUfmwGPk5qTZ1YSY5dtre7MX3A5srerMR
Q0Aaw3DlJ9R9A2OAJGPuTYvi2o2etV3ak1VJrrB57pLAmwp8W+EcllyK1XcIqlWeyNwBn277Kgzu1uHZG4knfLMb
Z+0MtLydfxbKcFV7V0Yyr6+oiDAEzr/1VE4P8a+Faf5/WzbTGd+ntwozw5P1BDgHCsCATWaGQ88o1KzsSf2gdBFn7uoNhZa1/q5+UJ0zU7cDbrMN
n5BrJfs7rv5O2abdRC9dzEw+LQ7rn8fewKs1Sl6JyqmSdSek+S0T4sSCs5XI2ZfxqUE7cUtRIH1IoBnzPELY/57bCPiGi7D7LWxQkF0gFrCXT6DqMRSf9wSEczupOoGKZErq7LuWE/O6pwB5U7M2
luQjSq4qlA3kRbRi9kAz7+Ox94qLm8jYESqMhdDQ01LTyAVyaSQ2hLif10gtcQ9BNfTa3t7pxIZJqbJraedHj3oLAyuFvNi/eviAdRY+o3dYbGzUOcVATGHdaVJ8vXaNjpa+6O2Lsw9zVrM1
jwsEpldNCA+ppqyYmLPUyFfu11NzW8uu+XpYS4xQXbPStbV132m+YRMlqf5wSc6CwIsqTJux/ObcOnWnSFo1gsnM4O+uq4q8biaBCVu5B2yzCw==
5fVR9f7PLPgpUoVDdIfgQlo47Mk0EPX7WIJ8dzIrNIBCazSj8Xw82Lmgcnh7X/wytXTbDzj037MFeWWCCPoWVP+2F6vmN6wxd7MS
m3EQsMU7cPRpvlUmqDYcrSYc7x4Xj/aP4buXuwLH468tQOirolQA0d4is4Pg4MwQUfmwGPk1qDZ0YSY5dtre7MX3A5srerMR
9+vsThyAyyyoJuN6S6wIJ0Ns+7TUWeNmmQ3BRfJ3+7tGV6u0hpx74LA8QZemxsek6TvinCXXLl9HZnISDGDNpuXf/D+WNXWzEA==
o52qph4cdyVjee8JadQT04vi2o2etV3akVVJrrB57pLAmQp8W+EcllyK1XcIqlWVz9wKnG77Kgzu1uHZG4knfLMb
d0JO4RFyCEGO7sFALHq7xOLso9HOh7rIUGuZ2ZGMkgOYk14vKjRW98GPiwl2Mk4IIuPc1Mjpl8YP47ZraedHj3oLASuFvNi/eviAdxY+o3dYbGzUOcVATGHZaVJxvnaNjpa+6O2Lsw9zVrM1
0dCJPlWOLzTcf4VTeOlPhiYc7x4Xj/aP4buXuwLH4a8tQOirolQA094is4Pg4MwQUfmwGPk3qDZ5YiY5dtre7MX3A5srerMR
I6rRV4vV9LRd6U8R9HHdIkNs+7TUWeNmmQ3BRfJ3+7lGV6u0hpx74LI8QZemxsek6TvinCXXLl9Ha3ESDGDNpuXf/D+WNXWzEA==
b/lmPWo+0no4UA6PjcKNrovi2o2etV3ak1VJrrB57pLAmwp8W+EcllyK1XcIqlWfztwNnG77Kgzu1uHZG4knfLMb
9cZl3sUEZQSxAz4wF4C3iOVbndV3Vz8GgzU8LjRYP8FSNUyh9HBRFS4ZTkhINH+K9eSslI3yIlvzUZTmups0c+IsNNvCr+ekmlQfYFR0XYdqvkNErSPurFlfwxpjYk1igPiJhuHnsK8KfVGzNA==
N8FXlVfWMiYlw8/cMEUMcSYc7x4Xj/aP4buXuwLH468tQOirolQA0d4is4Pg4MwQUfmwGPkxqTZ4YiY5dtre7MX3A5srerMR
a7hGXgXyKsH2xgTxyMlaVYvi2o2etV3ak1VJrrB57pLAmwp8W+EcllyK1XcIqlWXz9wMnG77Kgzu1uHZG4knfLMb
JqGcNNWhqTI5zTub5NBlOeVbndV3Vz8GgzU8LjRYP8FSNUyh9HBREC4ZTkhINH+K9eSslI3yIlvzUZTmups0c+IsNNvCr+ekmlQfYFR0XYdqvkNErSPurFlfyxtjYU1igPiJhuHnsK8KfVGzNA==
fHRGUvm+ycp7CjrubkyFIyYc7x4Xj/aP4buXuwLH468tQOirolQA0d4is4Pg4MwQUfmwGPkzqzZ7YiY5dtre7MX3A5srerMR
RZtiUMJg3oD1ns/OrqceG4vi2o2etV3akVVJrrB57pLAmQp8W+EcllyK1XcIqlWey9wPnG77Kgzu1uHZG4knfLMb
3qme9OixOLT4v+DYDQo/S+Lso9HOh7rIUGuZ2ZGMkgOYk14vKjRW9MGPiwl2Mk4IIuPc1Mjpl8YP47ZraedHj3oLASuFvNi/eviAdxY+o3dYbGzUOcVATGHcb1JzvnaNjpa+6O2Lsw9zVrM1
/GRUfhSg0XbnxgyznZILbyYc7x4Xj/aP4buXuwLH4a8tQOirolQA094is4Pg4MwQUfmwGPkyrzZ7YiY5dtre7MX3A5srerMR
mQWdh7JXzZPBTVlEqp8sZkNs+7TUWeNmmQ3BRfJ3+7tGV6u0hpx74LA8QZemxsek6TvinCXXK1lHaHESDGDNpuXf/D+WNXWzEA==
u9VmGuJy1cTU9/dHZ3/m9ENs+7TUWeNmmQ3BRfJ3+7lGV6u0hpx74LI8QZemxsek6TvinCXXLVlHZnESDGDNpuXf/D+WNXWzEA==
tEShfic69v0ZT2PcdmoMcovi2o2etV3ak1VJrrB57pLAmwp8W+EcllyK1XcIqlWRydwMnW77Kgzu1uHZG4knfLMb
k3nuzG0/Oj5V4OGE5o8MABfTBV40uLIsedO0rJ+sTo3YycaqBjM7OOLko+7MY/1NugaUx3rLDPCaq0wzaRz0CNGgmigzv2SiTTSD/wCUFwNs+M3+wtpuZCf2rzt+l2RhX7M6
JXJHOUGnAoWShN0rnBUIxyYc7x4Xj/aP4buXuwLH468tQOirolQA0d4is4Pg4MwQUfmwGPkxrzZ4YyY5dtre7MX3A5srerMR
B/6QwInk1IPZZCpD1bijakNs+7TUWeNmmQ3BRfJ3+7tGV6u0hpx74LA8QZemxsek6TvinCXXK19HanASDGDNpuXf/D+WNXWzEA==
T1e7qpWXSxNm7O0IcrUmsENs+7TUWeNmmQ3BRfJ3+7tGV6u0hpx74LA8QZemxsek6TvinCXXKV9HanASDGDNpuXf/D+WNXWzEA==
pEcx+UMMrRXZDRS8bqr3JIvi2o2etV3ak1VJrrB57pLAmwp8W+EcllyK1XcIqlWTydwPnW77Kgzu1uHZG4knfLMb
8Ki3pBI/PtF7XFr4xdjUUovi2o2etV3ak1VJrrB57pLAmwp8W+EcllyK1XcIqlWWztwPnW77Kgzu1uHZG4knfLMb
vfk374z69cLGJuQf0zRdDr2s5otK1NJyCDV/hhgv2QVpWKJv/rJl1TwIXvjJiYAKXHR7cQABafeLndgNxyd2NxGz92OSr6NXHQhIM/J8AOmuqlPb8AgMaOExkAApmyqOimtG4eaynhT1v6MDe1KzKQ==
9CiN2VdoguwMqtellyL5H72s5otK1NJyCDV/hhgv2QVpWKJv/rJl0DwIXvjJiYAKXHR7cQABafeLndgNxyd2NxGz92OSr6NXHQhIM/J8AOmuqlPb8AgMaOExkAApmiiOimtG4eaynhT1v6MDe1KzKQ==
pqMXwlUCIwHI1AJcjCGt0yYc7x4Xj/aP4buXuwLH468tQOirolQA0d4is4Pg4MwQUfmwGPk0qDZ6YyY5dtre7MX3A5srerMR
4No5s5OmY49+yKLJ8IVe/kNs+7TUWeNmmQ3BRfJ3+7tGV6u0hpx74LA8QZemxsek6TvinCXXJ1hHaHASDGDNpuXf/D+WNXWzEA==
XfWfpO0UfeyngYIQ53ZcnIvi2o2etV3akVVJrrB57pLAmQp8W+EcllyK1XcIqlWXy9wAnW77Kgzu1uHZG4knfLMb
GOeba7ThtwKgSlj/pO9gLBfTBV40uLIsedO0rJ+sTo3YycaqBjM7OOLko+7MY/1NugaUx3rLDPCaqUwzaRz0CNGgmCgzv2SiTTSD/wCUFwNg+s3ywtpuZCf2rzt+l2RhX7M6
qlkjKSws4HS1LF/cdFUyFU4kLg/u2dXA26syVkWJzbuObiOm6zMI5tucuIvIztWiqUcqelhRIH1I7F61dkbY/57bCPiGibD7LWxQkF0gFLCXT6DqMRSf9wSEczutOIGKZkrq7LuWE/O6pwB5U7M2
6MtmwVVKBc9RuGjj94QFVU4kLg/u2dXA26syVkWJzbuObiOm6zMI5ducuIvIztWiqUcqelhRIH1I7F61dkbY/57bCPiGibD7LWxQkF0gFLCXT6DqMRSf9wSEczusP4GKZkrq7LuWE/O6pwB5U7M2
t6zwCGFs48Of4gxhg6pz+SYc7x4Xj/aP4buXuwLH4a8tQOirolQA094is4Pg4MwQUfmwGPk4rzZ0YyY5dtre7MX3A5srerMR
1aYMzjJ0AokCa24fnoLALUNs+7TUWeNmmQ3BRfJ3+7lGV6u0hpx74LI8QZemxsek6TvinCXXLV5HZnASDGDNpuXf/D+WNXWzEA==
4/o5uG8tkk21cOxwkvPOCENs+7TUWeNmmQ3BRfJ3+7lGV6u0hpx74LI8QZemxsek6TvinCXXLltHb3cSDGDNpuXf/D+WNXWzEA==
C1sL13Eh8/IGgLDygr8XNpqu3oKfs13HkFVJrrB57pLAmAp8W+EcllyK1XcIqlWUy9wImm77Kgzu1uHZG4knfLMb
ihSiXPMUMh6xgQvZBowG2ENs+7TUWeNmmQ3BRfJ3+7hGV6u0hpx74LM8QZemxsek6TvinCXXKVtHbncSDGDNpuXf/D+WNXWzEA==
dQ2BRwdEJ8ntdGJzRy+jVENs+7TUWeNmmQ3BRfJ3+7lGV6u0hpx74LI8QZemxsek6TvinCXXLFhHbXcSDGDNpuXf/D+WNXWzEA==
XUrVsrqGa0mRX5D6A8ez35qu3oKfs13HklVJrrB57pLAmgp8W+EcllyK1XcIqlWTztwLmm77Kgzu1uHZG4knfLMb
rfZs9KBjXcwgS9u03lpNqUNs+7TUWeNmmQ3BRfJ3+7pGV6u0hpx74LE8QZemxsek6TvinCXXJ15HbXcSDGDNpuXf/D+WNXWzEA==
LDgl54zCi+wMf+a+/GPl4kNs+7TUWeNmmQ3BRfJ3+7tGV6u0hpx74LA8QZemxsek6TvinCXXJ1pHbHcSDGDNpuXf/D+WNXWzEA==
SiQ4HBBtrBAjhpdbyXZu/5qu3oKfs13HlFVJrrB57pLAnAp8W+EcllyK1XcIqlWeyNwKmm77Kgzu1uHZG4knfLMb
9YYmGTvRZ3kEPS5CHRQ64ENs+7TUWeNmmQ3BRfJ3+7xGV6u0hpx74Lc8QZemxsek6TvinCXXLl9HbHcSDGDNpuXf/D+WNXWzEA==
8EikDuBvhRlEpV0eLrMZz5qu3oKfs13HlVVJrrB57pLAnQp8W+EcllyK1XcIqlWUy9wNmm77Kgzu1uHZG4knfLMb
tBh2SaaNUNY0qfUYnnEUWkNs+7TUWeNmmQ3BRfJ3+71GV6u0hpx74LY8QZemxsek6TvinCXXKltHa3cSDGDNpuXf/D+WNXWzEA==
bVwGxp/Mjhgz/xbDgLJdlG+XAWzCqFEI43dpTV4ZtUQUWTGBw1jLwjs9ARb8TrDwW0+zldMKGw1W0pvG5PmngK6F8+H/UaodDMjpeASRl6LAhZmezNhs5Y6w798mysIPHJIFH6hCZe9OJDHzzhN6FC5OsfH7IVdEsyM=
YPhZSVSCb0vlPjJOZcpTotG70I+EsA6KxURPr7Y22NeMyQs5SvgaglyK1XcIqlWUztwBm277Kgzu1uHZG4knfLMb
SJqy43HbcvNLvOxouq+Z5zT2+FW7pmre2fVRTaACL1wk9CtvyLQv0x9+daM8uqb0TzaHC7b3/NEHs2I=
72zFhnrOKs2XeQjjvKhd8oYgOMJxdxrhIlhu8h+NTGCxiXBoGUKuRpUV5kmWql6cJYfD68sKs2E=
SJqy43HbcvNLvOxouq+Z5zT2+FW7pmre2fVRTaACL1wk9CtvyLQv0x9+daM8uqb0TzaHC7b3/NEHs2I=
72zFhnrOKs2XeQjjvKhd8oYgOMJxdxrhIlhu8h+NTGCxiXBoGUKuRpUV5kmWql6cJYfD68sKs2E=
